<?xml version="1.0" encoding="UTF-8" ?>
<testsuite tests="25" failures="0" name="com.ClientA.cucumber.ZovixTest.RunnerClassTest" time="0.006" errors="0" skipped="0">
  <properties>
[...]
</properties>
  <testcase classname="Scenario: Make a deposit" name="Given a user access the bank web app" time="0.002"/>
  <testcase classname="Scenario: Make a deposit" name="And logs using the credentials" time="0.002"/>
  <testcase classname="Scenario: Make a deposit" name="Given my checking account has a balance equal or greater than zero" time="0"/>
  <testcase classname="Scenario: Make a deposit" name="When I deposit 1500 to my checking account" time="0"/>
  <testcase classname="Scenario: Make a deposit" name="Then I should have additional 1500 as balance" time="0"/>
  <testcase classname="Scenario: Make a deposit" name="Scenario: Make a deposit" time="0.001"/>
  <testcase classname="| 250 |" name="Given a user access the bank web app" time="0.001"/>
  <testcase classname="| 250 |" name="And logs using the credentials" time="0"/>
  <testcase classname="| 250 |" name="Given my checking account has balance greater than 250 before withdraw" time="0"/>
  <testcase classname="| 250 |" name="When I withdraw 250 from my checking account" time="0"/>
  <testcase classname="| 250 |" name="Then I should have less 250 as balance" time="0"/>
  <testcase classname="| 250 |" name="| 250 |" time="0"/>
  <testcase classname="| 1000 |" name="Given a user access the bank web app" time="0"/>
  <testcase classname="| 1000 |" name="And logs using the credentials" time="0"/>
  <testcase classname="| 1000 |" name="Given my checking account has balance greater than 1000 before withdraw" time="0"/>
  <testcase classname="| 1000 |" name="When I withdraw 1000 from my checking account" time="0"/>
  <testcase classname="| 1000 |" name="Then I should have less 1000 as balance" time="0"/>
  <testcase classname="| 1000 |" name="| 1000 |" time="0"/>
  <testcase classname="Scenario: Transfer funds" name="Given a user access the bank web app" time="0"/>
  <testcase classname="Scenario: Transfer funds" name="And logs using the credentials" time="0"/>
  <testcase classname="Scenario: Transfer funds" name="Given Transfer page is loaded" time="0"/>
  <testcase classname="Scenario: Transfer funds" name="And form to transfer funds is populated" time="0"/>
  <testcase classname="Scenario: Transfer funds" name="When I confirm to complete transfer operation" time="0"/>
  <testcase classname="Scenario: Transfer funds" name="Then A confirmation is displayed" time="0"/>
  <testcase classname="Scenario: Transfer funds" name="Scenario: Transfer funds" time="0"/>
</testsuite>