<?xml version="1.0" encoding="UTF-8" ?>
<testsuite tests="29" failures="0" name="com.ClientA.cucumber.ZovixTest.RunnerClassTest" time="1.303" errors="0" skipped="25">
  <properties>
[...]
</properties>
  <testcase classname="Scenario: Make a deposit" name="Given a user access the bank web app" time="0.146">
    <skipped/>
    <system-out>Feature: Manage simple transactions in a banking account
  	In order to manage my money more efficiently
  	As a bank client
  	TC_001: I want to make a deposit and withdraw money whenever I need to
  	TC_002: I want to make a transfer to another bank account whenever I need to
  	TC_003: I want to make a transfer to an international bank account
</system-out>
  </testcase>
  <testcase classname="Scenario: Make a deposit" name="And logs using the credentials" time="0.148">
    <skipped/>
  </testcase>
  <testcase classname="Scenario: Make a deposit" name="Given my checking account has a balance equal or greater than zero" time="0.153">
    <skipped/>
    <system-out>
  #Login information for generic user so all scenarios will use the same starting point
  Background:                            &amp;#27;[90m# Sample_bank.feature:9&amp;#27;[0m
    &amp;#27;[33mGiven &amp;#27;[0m&amp;#27;[33ma user access the bank web app&amp;#27;[0m &amp;#27;[90m# AC_001_SampleBanking_StepDefinition.a_user_access_the_bank_web_app()&amp;#27;[0m
      &amp;#27;[31mcucumber.api.PendingException: TODO: implement me
      	at com.ClientA.cucumber.ZovixTest.AC_001_SampleBanking_StepDefinition.a_user_access_the_bank_web_app(AC_001_SampleBanking_StepDefinition.java:14)
      	at ?.Given a user access the bank web app(Sample_bank.feature:10)
      &amp;#27;[0m
    &amp;#27;[36mAnd &amp;#27;[0m&amp;#27;[36mlogs using the credentials&amp;#27;[0m       &amp;#27;[90m# AC_001_SampleBanking_StepDefinition.logs_using_the_credentials(DataTable)&amp;#27;[0m
</system-out>
  </testcase>
  <testcase classname="Scenario: Make a deposit" name="When I deposit 1500 to my checking account" time="0.153">
    <skipped/>
  </testcase>
  <testcase classname="Scenario: Make a deposit" name="Then I should have additional 1500 as balance" time="0.154">
    <skipped/>
  </testcase>
  <testcase classname="Scenario: Make a deposit" name="Scenario: Make a deposit" time="0.154">
    <skipped/>
  </testcase>
  <testcase classname="Scenario: Make a deposit" name="Scenario: Make a deposit" time="0.155"/>
  <testcase classname="| 250 |" name="Given a user access the bank web app" time="0.005">
    <skipped/>
    <system-out>
  @TC_001: @in_progress
  Scenario: Make a deposit                                             &amp;#27;[90m# Sample_bank.feature:16&amp;#27;[0m
    &amp;#27;[36mGiven &amp;#27;[0m&amp;#27;[36mmy checking account has a balance equal or greater than zero&amp;#27;[0m &amp;#27;[90m# AC_001_SampleBanking_StepDefinition.my_checking_account_has_a_balance_equal_or_greater_than_zero()&amp;#27;[0m
    &amp;#27;[36mWhen &amp;#27;[0m&amp;#27;[36mI deposit &amp;#27;[0m&amp;#27;[36m&amp;#27;[1m1500&amp;#27;[0m&amp;#27;[36m to my checking account&amp;#27;[0m                         &amp;#27;[90m# AC_001_SampleBanking_StepDefinition.i_deposit_to_my_checking_account(int)&amp;#27;[0m
    &amp;#27;[36mThen &amp;#27;[0m&amp;#27;[36mI should have additional &amp;#27;[0m&amp;#27;[36m&amp;#27;[1m1500&amp;#27;[0m&amp;#27;[36m as balance&amp;#27;[0m                      &amp;#27;[90m# AC_001_SampleBanking_StepDefinition.i_should_have_additional_as_balance(int)&amp;#27;[0m

  #Include here the parametrization and data for positive and negatice test
  @TC_002: @sign-off
  Scenario Outline: Make a withdraw                                                       &amp;#27;[90m# Sample_bank.feature:23&amp;#27;[0m
    &amp;#27;[36mGiven &amp;#27;[0m&amp;#27;[36mmy checking account has balance greater than &lt;withdrawn_amount&gt; before withdraw&amp;#27;[0m
    &amp;#27;[36mWhen &amp;#27;[0m&amp;#27;[36mI withdraw &lt;withdrawn_amount&gt; from my checking account&amp;#27;[0m
    &amp;#27;[36mThen &amp;#27;[0m&amp;#27;[36mI should have less &lt;withdrawn_amount&gt; as balance&amp;#27;[0m

    Examples: 
</system-out>
  </testcase>
  <testcase classname="| 250 |" name="And logs using the credentials" time="0.008">
    <skipped/>
  </testcase>
  <testcase classname="| 250 |" name="Given my checking account has balance greater than 250 before withdraw" time="0.023">
    <skipped/>
    <system-out>
  #Login information for generic user so all scenarios will use the same starting point
  Background:                            &amp;#27;[90m# Sample_bank.feature:9&amp;#27;[0m
    &amp;#27;[33mGiven &amp;#27;[0m&amp;#27;[33ma user access the bank web app&amp;#27;[0m &amp;#27;[90m# AC_001_SampleBanking_StepDefinition.a_user_access_the_bank_web_app()&amp;#27;[0m
      &amp;#27;[31mcucumber.api.PendingException: TODO: implement me
      	at com.ClientA.cucumber.ZovixTest.AC_001_SampleBanking_StepDefinition.a_user_access_the_bank_web_app(AC_001_SampleBanking_StepDefinition.java:14)
      	at ?.Given a user access the bank web app(Sample_bank.feature:10)
      &amp;#27;[0m
    &amp;#27;[36mAnd &amp;#27;[0m&amp;#27;[36mlogs using the credentials&amp;#27;[0m       &amp;#27;[90m# AC_001_SampleBanking_StepDefinition.logs_using_the_credentials(DataTable)&amp;#27;[0m
</system-out>
  </testcase>
  <testcase classname="| 250 |" name="When I withdraw 250 from my checking account" time="0.023">
    <skipped/>
  </testcase>
  <testcase classname="| 250 |" name="Then I should have less 250 as balance" time="0.023">
    <skipped/>
  </testcase>
  <testcase classname="| 250 |" name="| 250 |" time="0.023">
    <skipped/>
  </testcase>
  <testcase classname="| 250 |" name="| 250 |" time="0.023"/>
  <testcase classname="| 1000 |" name="Given a user access the bank web app" time="0.003">
    <skipped/>
    <system-out>
  @TC_002: @sign-off
  Scenario Outline: Make a withdraw                                        &amp;#27;[90m# Sample_bank.feature:30&amp;#27;[0m
    &amp;#27;[36mGiven &amp;#27;[0m&amp;#27;[36mmy checking account has balance greater than &amp;#27;[0m&amp;#27;[36m&amp;#27;[1m250&amp;#27;[0m&amp;#27;[36m before withdraw&amp;#27;[0m &amp;#27;[90m# AC_001_SampleBanking_StepDefinition.my_checking_account_has_balance_greater_than_before_withdraw(int)&amp;#27;[0m
    &amp;#27;[36mWhen &amp;#27;[0m&amp;#27;[36mI withdraw &amp;#27;[0m&amp;#27;[36m&amp;#27;[1m250&amp;#27;[0m&amp;#27;[36m from my checking account&amp;#27;[0m                           &amp;#27;[90m# AC_001_SampleBanking_StepDefinition.i_withdraw_from_my_checking_account(int)&amp;#27;[0m
    &amp;#27;[36mThen &amp;#27;[0m&amp;#27;[36mI should have less &amp;#27;[0m&amp;#27;[36m&amp;#27;[1m250&amp;#27;[0m&amp;#27;[36m as balance&amp;#27;[0m                                 &amp;#27;[90m# AC_001_SampleBanking_StepDefinition.i_should_have_less_as_balance(int)&amp;#27;[0m
</system-out>
  </testcase>
  <testcase classname="| 1000 |" name="And logs using the credentials" time="0.005">
    <skipped/>
  </testcase>
  <testcase classname="| 1000 |" name="Given my checking account has balance greater than 1000 before withdraw" time="0.008">
    <skipped/>
    <system-out>
  #Login information for generic user so all scenarios will use the same starting point
  Background:                            &amp;#27;[90m# Sample_bank.feature:9&amp;#27;[0m
    &amp;#27;[33mGiven &amp;#27;[0m&amp;#27;[33ma user access the bank web app&amp;#27;[0m &amp;#27;[90m# AC_001_SampleBanking_StepDefinition.a_user_access_the_bank_web_app()&amp;#27;[0m
      &amp;#27;[31mcucumber.api.PendingException: TODO: implement me
      	at com.ClientA.cucumber.ZovixTest.AC_001_SampleBanking_StepDefinition.a_user_access_the_bank_web_app(AC_001_SampleBanking_StepDefinition.java:14)
      	at ?.Given a user access the bank web app(Sample_bank.feature:10)
      &amp;#27;[0m
    &amp;#27;[36mAnd &amp;#27;[0m&amp;#27;[36mlogs using the credentials&amp;#27;[0m       &amp;#27;[90m# AC_001_SampleBanking_StepDefinition.logs_using_the_credentials(DataTable)&amp;#27;[0m
</system-out>
  </testcase>
  <testcase classname="| 1000 |" name="When I withdraw 1000 from my checking account" time="0.009">
    <skipped/>
  </testcase>
  <testcase classname="| 1000 |" name="Then I should have less 1000 as balance" time="0.01">
    <skipped/>
  </testcase>
  <testcase classname="| 1000 |" name="| 1000 |" time="0.01">
    <skipped/>
  </testcase>
  <testcase classname="| 1000 |" name="| 1000 |" time="0.01"/>
  <testcase classname="Scenario: Transfer funds" name="Given a user access the bank web app" time="0.003">
    <skipped/>
    <system-out>
  @TC_002: @sign-off
  Scenario Outline: Make a withdraw                                         &amp;#27;[90m# Sample_bank.feature:31&amp;#27;[0m
    &amp;#27;[36mGiven &amp;#27;[0m&amp;#27;[36mmy checking account has balance greater than &amp;#27;[0m&amp;#27;[36m&amp;#27;[1m1000&amp;#27;[0m&amp;#27;[36m before withdraw&amp;#27;[0m &amp;#27;[90m# AC_001_SampleBanking_StepDefinition.my_checking_account_has_balance_greater_than_before_withdraw(int)&amp;#27;[0m
    &amp;#27;[36mWhen &amp;#27;[0m&amp;#27;[36mI withdraw &amp;#27;[0m&amp;#27;[36m&amp;#27;[1m1000&amp;#27;[0m&amp;#27;[36m from my checking account&amp;#27;[0m                           &amp;#27;[90m# AC_001_SampleBanking_StepDefinition.i_withdraw_from_my_checking_account(int)&amp;#27;[0m
    &amp;#27;[36mThen &amp;#27;[0m&amp;#27;[36mI should have less &amp;#27;[0m&amp;#27;[36m&amp;#27;[1m1000&amp;#27;[0m&amp;#27;[36m as balance&amp;#27;[0m                                 &amp;#27;[90m# AC_001_SampleBanking_StepDefinition.i_should_have_less_as_balance(int)&amp;#27;[0m
</system-out>
  </testcase>
  <testcase classname="Scenario: Transfer funds" name="And logs using the credentials" time="0.004">
    <skipped/>
  </testcase>
  <testcase classname="Scenario: Transfer funds" name="Given Transfer page is loaded" time="0.007">
    <skipped/>
    <system-out>
  #Login information for generic user so all scenarios will use the same starting point
  Background:                            &amp;#27;[90m# Sample_bank.feature:9&amp;#27;[0m
    &amp;#27;[33mGiven &amp;#27;[0m&amp;#27;[33ma user access the bank web app&amp;#27;[0m &amp;#27;[90m# AC_001_SampleBanking_StepDefinition.a_user_access_the_bank_web_app()&amp;#27;[0m
      &amp;#27;[31mcucumber.api.PendingException: TODO: implement me
      	at com.ClientA.cucumber.ZovixTest.AC_001_SampleBanking_StepDefinition.a_user_access_the_bank_web_app(AC_001_SampleBanking_StepDefinition.java:14)
      	at ?.Given a user access the bank web app(Sample_bank.feature:10)
      &amp;#27;[0m
    &amp;#27;[36mAnd &amp;#27;[0m&amp;#27;[36mlogs using the credentials&amp;#27;[0m       &amp;#27;[90m# AC_001_SampleBanking_StepDefinition.logs_using_the_credentials(DataTable)&amp;#27;[0m
</system-out>
  </testcase>
  <testcase classname="Scenario: Transfer funds" name="And form to transfer funds is populated" time="0.008">
    <skipped/>
  </testcase>
  <testcase classname="Scenario: Transfer funds" name="When I confirm to complete transfer operation" time="0.008">
    <skipped/>
  </testcase>
  <testcase classname="Scenario: Transfer funds" name="Then A confirmation is displayed" time="0.009">
    <skipped/>
  </testcase>
  <testcase classname="Scenario: Transfer funds" name="Scenario: Transfer funds" time="0.009">
    <skipped/>
  </testcase>
  <testcase classname="Scenario: Transfer funds" name="Scenario: Transfer funds" time="0.009"/>
</testsuite>